  [1m[35m (0.1ms)[0m  [1m[34mSELECT sqlite_version(*)[0m
  [1m[35m (2.3ms)[0m  [1m[35mCREATE TABLE "schema_migrations" ("version" varchar NOT NULL PRIMARY KEY)[0m
  [1m[35m (1.2ms)[0m  [1m[35mCREATE TABLE "ar_internal_metadata" ("key" varchar NOT NULL PRIMARY KEY, "value" varchar, "created_at" datetime NOT NULL, "updated_at" datetime NOT NULL)[0m
  [1m[35m (0.1ms)[0m  [1m[34mSELECT "schema_migrations"."version" FROM "schema_migrations" ORDER BY "schema_migrations"."version" ASC[0m
Migrating to CreateBooks (20191108011644)
  [1m[35m (0.0ms)[0m  [1m[36mbegin transaction[0m
  [1m[35m (0.3ms)[0m  [1m[35mCREATE TABLE "books" ("id" INTEGER PRIMARY KEY AUTOINCREMENT NOT NULL, "title" varchar, "memo" text, "created_at" datetime NOT NULL, "updated_at" datetime NOT NULL)[0m
  [1m[35mSQL (0.2ms)[0m  [1m[32mINSERT INTO "schema_migrations" ("version") VALUES (?)[0m  [["version", "20191108011644"]]
  [1m[35m (1.1ms)[0m  [1m[36mcommit transaction[0m
  [1m[36mActiveRecord::InternalMetadata Load (0.1ms)[0m  [1m[34mSELECT  "ar_internal_metadata".* FROM "ar_internal_metadata" WHERE "ar_internal_metadata"."key" = ? LIMIT ?[0m  [["key", "environment"], ["LIMIT", 1]]
  [1m[35m (0.0ms)[0m  [1m[36mbegin transaction[0m
  [1m[35mSQL (0.3ms)[0m  [1m[32mINSERT INTO "ar_internal_metadata" ("key", "value", "created_at", "updated_at") VALUES (?, ?, ?, ?)[0m  [["key", "environment"], ["value", "development"], ["created_at", "2019-11-08 01:16:56.006773"], ["updated_at", "2019-11-08 01:16:56.006773"]]
  [1m[35m (1.3ms)[0m  [1m[36mcommit transaction[0m
  [1m[35m (0.1ms)[0m  [1m[34mSELECT "schema_migrations"."version" FROM "schema_migrations" ORDER BY "schema_migrations"."version" ASC[0m
Started GET "/" for ::1 at 2019-11-08 10:17:28 +0900
  [1m[35m (0.1ms)[0m  [1m[34mSELECT "schema_migrations"."version" FROM "schema_migrations" ORDER BY "schema_migrations"."version" ASC[0m
Processing by Rails::WelcomeController#index as HTML
  Rendering /Users/nisikiakinori/.rbenv/versions/2.6.3/lib/ruby/gems/2.6.0/gems/railties-5.1.7/lib/rails/templates/rails/welcome/index.html.erb
  Rendered /Users/nisikiakinori/.rbenv/versions/2.6.3/lib/ruby/gems/2.6.0/gems/railties-5.1.7/lib/rails/templates/rails/welcome/index.html.erb (2.1ms)
Completed 200 OK in 8ms (Views: 4.4ms | ActiveRecord: 0.0ms)


Started GET "/" for ::1 at 2019-11-08 10:21:17 +0900
  [1m[35m (0.1ms)[0m  [1m[34mSELECT "schema_migrations"."version" FROM "schema_migrations" ORDER BY "schema_migrations"."version" ASC[0m
Processing by Rails::WelcomeController#index as HTML
  Rendering /Users/nisikiakinori/.rbenv/versions/2.6.3/lib/ruby/gems/2.6.0/gems/railties-5.1.7/lib/rails/templates/rails/welcome/index.html.erb
  Rendered /Users/nisikiakinori/.rbenv/versions/2.6.3/lib/ruby/gems/2.6.0/gems/railties-5.1.7/lib/rails/templates/rails/welcome/index.html.erb (2.7ms)
Completed 200 OK in 10ms (Views: 6.3ms | ActiveRecord: 0.0ms)


Started GET "/" for ::1 at 2019-11-08 10:21:19 +0900
Processing by Rails::WelcomeController#index as HTML
  Rendering /Users/nisikiakinori/.rbenv/versions/2.6.3/lib/ruby/gems/2.6.0/gems/railties-5.1.7/lib/rails/templates/rails/welcome/index.html.erb
  Rendered /Users/nisikiakinori/.rbenv/versions/2.6.3/lib/ruby/gems/2.6.0/gems/railties-5.1.7/lib/rails/templates/rails/welcome/index.html.erb (2.9ms)
Completed 200 OK in 5ms (Views: 4.0ms | ActiveRecord: 0.0ms)


Started GET "/books" for ::1 at 2019-11-08 10:21:33 +0900
Processing by BooksController#index as HTML
  Rendering books/index.html.erb within layouts/application
  [1m[36mBook Load (0.1ms)[0m  [1m[34mSELECT "books".* FROM "books"[0m
  Rendered books/index.html.erb within layouts/application (2.4ms)
Completed 200 OK in 1477ms (Views: 1473.2ms | ActiveRecord: 0.5ms)


Started GET "/books/new" for ::1 at 2019-11-08 10:21:35 +0900
Processing by BooksController#new as HTML
  Rendering books/new.html.erb within layouts/application
  Rendered books/_form.html.erb (26.6ms)
  Rendered books/new.html.erb within layouts/application (28.8ms)
Completed 200 OK in 72ms (Views: 53.1ms | ActiveRecord: 0.5ms)


  [1m[35m (0.1ms)[0m  [1m[36mbegin transaction[0m
  [1m[35mSQL (2.0ms)[0m  [1m[32mINSERT INTO "books" ("title", "memo", "created_at", "updated_at") VALUES (?, ?, ?, ?)[0m  [["title", "some title"], ["memo", "some memo"], ["created_at", "2019-11-15 01:09:42.596891"], ["updated_at", "2019-11-15 01:09:42.596891"]]
  [1m[35m (1.0ms)[0m  [1m[36mcommit transaction[0m
  [1m[36mBook Load (0.4ms)[0m  [1m[34mSELECT  "books".* FROM "books" ORDER BY "books"."id" DESC LIMIT ?[0m  [["LIMIT", 1]]
Started GET "/" for ::1 at 2019-11-15 10:10:47 +0900
  [1m[35m (0.1ms)[0m  [1m[34mSELECT "schema_migrations"."version" FROM "schema_migrations" ORDER BY "schema_migrations"."version" ASC[0m
Processing by Rails::WelcomeController#index as HTML
  Rendering /Users/nisikiakinori/.rbenv/versions/2.6.3/lib/ruby/gems/2.6.0/gems/railties-5.1.7/lib/rails/templates/rails/welcome/index.html.erb
  Rendered /Users/nisikiakinori/.rbenv/versions/2.6.3/lib/ruby/gems/2.6.0/gems/railties-5.1.7/lib/rails/templates/rails/welcome/index.html.erb (15.5ms)
Completed 200 OK in 35ms (Views: 22.3ms | ActiveRecord: 0.0ms)


Started GET "/books" for ::1 at 2019-11-15 10:11:02 +0900
Processing by BooksController#index as HTML
  Rendering books/index.html.erb within layouts/application
  [1m[36mBook Load (0.1ms)[0m  [1m[34mSELECT "books".* FROM "books"[0m
  Rendered books/index.html.erb within layouts/application (10.3ms)
Completed 200 OK in 197ms (Views: 191.4ms | ActiveRecord: 1.0ms)


  [1m[35m (0.1ms)[0m  [1m[34mSELECT "schema_migrations"."version" FROM "schema_migrations" ORDER BY "schema_migrations"."version" ASC[0m
  [1m[36mActiveRecord::InternalMetadata Load (0.1ms)[0m  [1m[34mSELECT  "ar_internal_metadata".* FROM "ar_internal_metadata" WHERE "ar_internal_metadata"."key" = ? LIMIT ?[0m  [["key", "environment"], ["LIMIT", 1]]
  [1m[35m (0.1ms)[0m  [1m[36mbegin transaction[0m
  [1m[35m (0.0ms)[0m  [1m[36mcommit transaction[0m
  [1m[35m (0.1ms)[0m  [1m[34mSELECT "schema_migrations"."version" FROM "schema_migrations" ORDER BY "schema_migrations"."version" ASC[0m
  [1m[35m (0.1ms)[0m  [1m[34mSELECT "schema_migrations"."version" FROM "schema_migrations" ORDER BY "schema_migrations"."version" ASC[0m
Migrating to AddAuthorToBooks (20191115012557)
  [1m[35m (0.1ms)[0m  [1m[36mbegin transaction[0m
  [1m[35m (2.5ms)[0m  [1m[35mALTER TABLE "books" ADD "author" varchar[0m
  [1m[35mSQL (0.2ms)[0m  [1m[32mINSERT INTO "schema_migrations" ("version") VALUES (?)[0m  [["version", "20191115012557"]]
  [1m[35m (1.1ms)[0m  [1m[36mcommit transaction[0m
  [1m[36mActiveRecord::InternalMetadata Load (0.1ms)[0m  [1m[34mSELECT  "ar_internal_metadata".* FROM "ar_internal_metadata" WHERE "ar_internal_metadata"."key" = ? LIMIT ?[0m  [["key", "environment"], ["LIMIT", 1]]
  [1m[35m (0.0ms)[0m  [1m[36mbegin transaction[0m
  [1m[35m (0.0ms)[0m  [1m[36mcommit transaction[0m
  [1m[35m (0.1ms)[0m  [1m[34mSELECT "schema_migrations"."version" FROM "schema_migrations" ORDER BY "schema_migrations"."version" ASC[0m
  [1m[35m (0.1ms)[0m  [1m[34mSELECT "schema_migrations"."version" FROM "schema_migrations" ORDER BY "schema_migrations"."version" ASC[0m
  [1m[36mActiveRecord::InternalMetadata Load (0.1ms)[0m  [1m[34mSELECT  "ar_internal_metadata".* FROM "ar_internal_metadata" WHERE "ar_internal_metadata"."key" = ? LIMIT ?[0m  [["key", "environment"], ["LIMIT", 1]]
  [1m[35m (0.0ms)[0m  [1m[36mbegin transaction[0m
  [1m[35m (0.0ms)[0m  [1m[36mcommit transaction[0m
  [1m[35m (0.0ms)[0m  [1m[34mSELECT "schema_migrations"."version" FROM "schema_migrations" ORDER BY "schema_migrations"."version" ASC[0m
  [1m[35m (0.1ms)[0m  [1m[34mSELECT "schema_migrations"."version" FROM "schema_migrations" ORDER BY "schema_migrations"."version" ASC[0m
Migrating to AddPictureToBooks (20191115022020)
  [1m[35m (0.1ms)[0m  [1m[36mbegin transaction[0m
  [1m[35m (1.3ms)[0m  [1m[35mALTER TABLE "books" ADD "picture" varchar[0m
  [1m[35mSQL (0.2ms)[0m  [1m[32mINSERT INTO "schema_migrations" ("version") VALUES (?)[0m  [["version", "20191115022020"]]
  [1m[35m (1.0ms)[0m  [1m[36mcommit transaction[0m
  [1m[36mActiveRecord::InternalMetadata Load (0.1ms)[0m  [1m[34mSELECT  "ar_internal_metadata".* FROM "ar_internal_metadata" WHERE "ar_internal_metadata"."key" = ? LIMIT ?[0m  [["key", "environment"], ["LIMIT", 1]]
  [1m[35m (0.1ms)[0m  [1m[36mbegin transaction[0m
  [1m[35m (0.0ms)[0m  [1m[36mcommit transaction[0m
  [1m[35m (0.1ms)[0m  [1m[34mSELECT "schema_migrations"."version" FROM "schema_migrations" ORDER BY "schema_migrations"."version" ASC[0m
Started GET "/" for ::1 at 2019-11-15 11:31:16 +0900
  [1m[35m (0.2ms)[0m  [1m[34mSELECT "schema_migrations"."version" FROM "schema_migrations" ORDER BY "schema_migrations"."version" ASC[0m
Processing by Rails::WelcomeController#index as HTML
  Rendering /Users/nisikiakinori/.rbenv/versions/2.6.3/lib/ruby/gems/2.6.0/gems/railties-5.1.7/lib/rails/templates/rails/welcome/index.html.erb
  Rendered /Users/nisikiakinori/.rbenv/versions/2.6.3/lib/ruby/gems/2.6.0/gems/railties-5.1.7/lib/rails/templates/rails/welcome/index.html.erb (3.5ms)
Completed 200 OK in 15ms (Views: 8.6ms | ActiveRecord: 0.0ms)


Started GET "/books" for ::1 at 2019-11-15 11:31:24 +0900
Processing by BooksController#index as HTML
  Rendering books/index.html.erb within layouts/application
  [1m[36mBook Load (0.1ms)[0m  [1m[34mSELECT "books".* FROM "books"[0m
  Rendered books/index.html.erb within layouts/application (8.8ms)
Completed 200 OK in 166ms (Views: 162.2ms | ActiveRecord: 0.8ms)


Started GET "/books/new" for ::1 at 2019-11-15 11:31:31 +0900
Processing by BooksController#new as HTML
  Rendering books/new.html.erb within layouts/application
  Rendered books/_form.html.erb (197.8ms)
  Rendered books/new.html.erb within layouts/application (200.8ms)
Completed 500 Internal Server Error in 204ms (ActiveRecord: 0.0ms)


  
ActionView::Template::Error (undefined local variable or method `book_author' for #<#<Class:0x00007f85056cf1b0>:0x00007f85092bb3e0>
Did you mean?  book_path):
    23: 
    24:   <div class="field">
    25:     <%= form.label :author %>
    26:     <%= form.text_field :author, id: book_author %>
    27:   </div>
    28: 
    29:   <div class="field">
  
app/views/books/_form.html.erb:26:in `block in _app_views_books__form_html_erb__4306981683142102601_70104680749220'
app/views/books/_form.html.erb:1:in `_app_views_books__form_html_erb__4306981683142102601_70104680749220'
app/views/books/new.html.erb:3:in `_app_views_books_new_html_erb___3235943149679988920_70104680580000'
Started GET "/books" for ::1 at 2019-11-15 11:31:33 +0900
Processing by BooksController#index as HTML
  Rendering books/index.html.erb within layouts/application
  [1m[36mBook Load (0.3ms)[0m  [1m[34mSELECT "books".* FROM "books"[0m
  Rendered books/index.html.erb within layouts/application (3.2ms)
Completed 200 OK in 17ms (Views: 15.2ms | ActiveRecord: 0.3ms)


